<?xml version="1.0" encoding="UTF-8"?>
<!-- Generated by org.testng.reporters.JUnitReportReporter -->
<testsuite skipped="0" hostname="DESKTOP-2GAFP9O" name="org.testng.dataprovider.FbLaunch" tests="3" failures="0" timestamp="15 Oct 2021 06:58:01 GMT" time="1.109" errors="0">
  <testcase name="tc2" time="0.368" classname="org.testng.dataprovider.FbLaunch"/>
  <testcase name="tc2" time="0.325" classname="org.testng.dataprovider.FbLaunch"/>
  <testcase name="tc2" time="0.416" classname="org.testng.dataprovider.FbLaunch"/>
</testsuite> <!-- org.testng.dataprovider.FbLaunch -->
