<?xml version="1.0" encoding="UTF-8"?>
<!-- Generated by org.testng.reporters.JUnitReportReporter -->
<testsuite skipped="0" hostname="DESKTOP-2GAFP9O" name="org.testng.TestngSample" tests="1" failures="0" timestamp="12 Oct 2021 07:20:20 GMT" time="25.024" errors="0">
  <testcase name="tc1" time="25.024" classname="org.testng.TestngSample"/>
</testsuite> <!-- org.testng.TestngSample -->
